[INFO] 2018-01-13 18:44:37,704:Running job Every 5 minutes do job_scrapy_dawn() (last run: [never], next run: 2018-01-13 18:44:37)
[INFO] 2018-01-13 18:44:37,706:Starting crawler
[DEBUG] 2018-01-13 18:45:14,272:Output Recieved: 
[INFO] 2018-01-13 18:45:14,273:Crawler command finished
[INFO] 2018-01-13 18:45:14,273:Running job Every 5 minutes do job_scrapy_tribune() (last run: [never], next run: 2018-01-13 18:44:37)
[INFO] 2018-01-13 18:45:14,274:Starting crawler: tribune_com_pk
[DEBUG] 2018-01-13 18:45:20,572:Output Recieved: 
[INFO] 2018-01-13 18:45:20,573:Crawler command finished
[INFO] 2018-01-13 18:50:15,065:Running job Every 5 minutes do job_scrapy_dawn() (last run: 2018-01-13 18:45:14, next run: 2018-01-13 18:50:14)
[INFO] 2018-01-13 18:50:15,066:Starting crawler
[DEBUG] 2018-01-13 18:50:51,481:Output Recieved: 
[INFO] 2018-01-13 18:50:51,482:Crawler command finished
[INFO] 2018-01-13 18:50:52,485:Running job Every 5 minutes do job_scrapy_tribune() (last run: 2018-01-13 18:45:20, next run: 2018-01-13 18:50:20)
[INFO] 2018-01-13 18:50:52,486:Starting crawler: tribune_com_pk
[DEBUG] 2018-01-13 18:50:58,741:Output Recieved: 
[INFO] 2018-01-13 18:50:58,741:Crawler command finished
[INFO] 2018-01-13 18:55:52,375:Running job Every 5 minutes do job_scrapy_dawn() (last run: 2018-01-13 18:50:51, next run: 2018-01-13 18:55:51)
[INFO] 2018-01-13 18:55:52,376:Starting crawler
[DEBUG] 2018-01-13 18:56:48,012:Output Recieved: 
[INFO] 2018-01-13 18:56:48,012:Crawler command finished
[INFO] 2018-01-13 18:56:49,015:Running job Every 5 minutes do job_scrapy_tribune() (last run: 2018-01-13 18:50:58, next run: 2018-01-13 18:55:58)
[INFO] 2018-01-13 18:56:49,015:Starting crawler: tribune_com_pk
[DEBUG] 2018-01-13 18:56:55,142:Output Recieved: 
[INFO] 2018-01-13 18:56:55,143:Crawler command finished
[INFO] 2018-01-13 19:01:48,782:Running job Every 5 minutes do job_scrapy_dawn() (last run: 2018-01-13 18:56:48, next run: 2018-01-13 19:01:48)
[INFO] 2018-01-13 19:01:48,783:Starting crawler
[DEBUG] 2018-01-13 19:02:21,977:Output Recieved: 
[INFO] 2018-01-13 19:02:21,978:Crawler command finished
[INFO] 2018-01-13 19:02:22,980:Running job Every 5 minutes do job_scrapy_tribune() (last run: 2018-01-13 18:56:55, next run: 2018-01-13 19:01:55)
[INFO] 2018-01-13 19:02:22,982:Starting crawler: tribune_com_pk
[DEBUG] 2018-01-13 19:02:29,633:Output Recieved: 
[INFO] 2018-01-13 19:02:29,633:Crawler command finished
[INFO] 2018-01-13 19:07:22,317:Running job Every 5 minutes do job_scrapy_dawn() (last run: 2018-01-13 19:02:21, next run: 2018-01-13 19:07:21)
[INFO] 2018-01-13 19:07:22,318:Starting crawler
[DEBUG] 2018-01-13 19:07:57,648:Output Recieved: 
[INFO] 2018-01-13 19:07:57,649:Crawler command finished
[INFO] 2018-01-13 19:07:58,651:Running job Every 5 minutes do job_scrapy_tribune() (last run: 2018-01-13 19:02:29, next run: 2018-01-13 19:07:29)
[INFO] 2018-01-13 19:07:58,652:Starting crawler: tribune_com_pk
[DEBUG] 2018-01-13 19:08:07,302:Output Recieved: 
[INFO] 2018-01-13 19:08:07,302:Crawler command finished
[INFO] 2018-01-13 19:12:57,792:Running job Every 5 minutes do job_scrapy_dawn() (last run: 2018-01-13 19:07:57, next run: 2018-01-13 19:12:57)
[INFO] 2018-01-13 19:12:57,794:Starting crawler
[DEBUG] 2018-01-13 19:13:33,109:Output Recieved: 
[INFO] 2018-01-13 19:13:33,109:Crawler command finished
[INFO] 2018-01-13 19:13:34,111:Running job Every 5 minutes do job_scrapy_tribune() (last run: 2018-01-13 19:08:07, next run: 2018-01-13 19:13:07)
[INFO] 2018-01-13 19:13:34,112:Starting crawler: tribune_com_pk
[DEBUG] 2018-01-13 19:13:40,309:Output Recieved: 
[INFO] 2018-01-13 19:13:40,309:Crawler command finished
[INFO] 2018-01-13 19:18:33,812:Running job Every 5 minutes do job_scrapy_dawn() (last run: 2018-01-13 19:13:33, next run: 2018-01-13 19:18:33)
[INFO] 2018-01-13 19:18:33,814:Starting crawler
[DEBUG] 2018-01-13 19:19:04,025:Output Recieved: 
[INFO] 2018-01-13 19:19:04,026:Crawler command finished
[INFO] 2018-01-13 19:19:05,028:Running job Every 5 minutes do job_scrapy_tribune() (last run: 2018-01-13 19:13:40, next run: 2018-01-13 19:18:40)
[INFO] 2018-01-13 19:19:05,029:Starting crawler: tribune_com_pk
[DEBUG] 2018-01-13 19:19:13,270:Output Recieved: 
[INFO] 2018-01-13 19:19:13,271:Crawler command finished
[INFO] 2018-01-13 19:24:04,736:Running job Every 5 minutes do job_scrapy_dawn() (last run: 2018-01-13 19:19:04, next run: 2018-01-13 19:24:04)
[INFO] 2018-01-13 19:24:04,738:Starting crawler
[DEBUG] 2018-01-13 19:24:42,450:Output Recieved: 
[INFO] 2018-01-13 19:24:42,451:Crawler command finished
[INFO] 2018-01-13 19:24:43,453:Running job Every 5 minutes do job_scrapy_tribune() (last run: 2018-01-13 19:19:13, next run: 2018-01-13 19:24:13)
[INFO] 2018-01-13 19:24:43,454:Starting crawler: tribune_com_pk
[DEBUG] 2018-01-13 19:24:49,992:Output Recieved: 
[INFO] 2018-01-13 19:24:49,993:Crawler command finished
[INFO] 2018-01-13 19:53:51,072:Running job Every 5 minutes do job_scrapy_dawn() (last run: 2018-01-13 19:24:42, next run: 2018-01-13 19:29:42)
[INFO] 2018-01-13 19:53:51,072:Starting crawler
[DEBUG] 2018-01-13 19:54:35,484:Output Recieved: 
[INFO] 2018-01-13 19:54:35,485:Crawler command finished
[INFO] 2018-01-13 19:54:35,485:Running job Every 5 minutes do job_scrapy_tribune() (last run: 2018-01-13 19:24:49, next run: 2018-01-13 19:29:49)
[INFO] 2018-01-13 19:54:35,485:Starting crawler: tribune_com_pk
[DEBUG] 2018-01-13 19:54:41,689:Output Recieved: 
[INFO] 2018-01-13 19:54:41,689:Crawler command finished
[INFO] 2018-01-13 19:59:36,280:Running job Every 5 minutes do job_scrapy_dawn() (last run: 2018-01-13 19:54:35, next run: 2018-01-13 19:59:35)
[INFO] 2018-01-13 19:59:36,281:Starting crawler
[DEBUG] 2018-01-13 20:00:15,433:Output Recieved: 
[INFO] 2018-01-13 20:00:15,434:Crawler command finished
[INFO] 2018-01-13 20:00:16,436:Running job Every 5 minutes do job_scrapy_tribune() (last run: 2018-01-13 19:54:41, next run: 2018-01-13 19:59:41)
[INFO] 2018-01-13 20:00:16,437:Starting crawler: tribune_com_pk
[DEBUG] 2018-01-13 20:00:24,616:Output Recieved: 
[INFO] 2018-01-13 20:00:24,616:Crawler command finished
[INFO] 2018-01-13 20:05:16,361:Running job Every 5 minutes do job_scrapy_dawn() (last run: 2018-01-13 20:00:15, next run: 2018-01-13 20:05:15)
[INFO] 2018-01-13 20:05:16,363:Starting crawler
[DEBUG] 2018-01-13 20:05:46,174:Output Recieved: 
[INFO] 2018-01-13 20:05:46,174:Crawler command finished
[INFO] 2018-01-13 20:05:47,177:Running job Every 5 minutes do job_scrapy_tribune() (last run: 2018-01-13 20:00:24, next run: 2018-01-13 20:05:24)
[INFO] 2018-01-13 20:05:47,178:Starting crawler: tribune_com_pk
[DEBUG] 2018-01-13 20:05:54,414:Output Recieved: 
[INFO] 2018-01-13 20:05:54,414:Crawler command finished
[INFO] 2018-01-13 20:10:47,040:Running job Every 5 minutes do job_scrapy_dawn() (last run: 2018-01-13 20:05:46, next run: 2018-01-13 20:10:46)
[INFO] 2018-01-13 20:10:47,042:Starting crawler
[DEBUG] 2018-01-13 20:11:23,748:Output Recieved: 
[INFO] 2018-01-13 20:11:23,749:Crawler command finished
[INFO] 2018-01-13 20:11:24,751:Running job Every 5 minutes do job_scrapy_tribune() (last run: 2018-01-13 20:05:54, next run: 2018-01-13 20:10:54)
[INFO] 2018-01-13 20:11:24,752:Starting crawler: tribune_com_pk
[DEBUG] 2018-01-13 20:11:32,555:Output Recieved: 
[INFO] 2018-01-13 20:11:32,556:Crawler command finished
[INFO] 2018-01-13 20:16:24,218:Running job Every 5 minutes do job_scrapy_dawn() (last run: 2018-01-13 20:11:23, next run: 2018-01-13 20:16:23)
[INFO] 2018-01-13 20:16:24,219:Starting crawler
[DEBUG] 2018-01-13 20:17:00,805:Output Recieved: 
[INFO] 2018-01-13 20:17:00,805:Crawler command finished
[INFO] 2018-01-13 20:17:01,808:Running job Every 5 minutes do job_scrapy_tribune() (last run: 2018-01-13 20:11:32, next run: 2018-01-13 20:16:32)
[INFO] 2018-01-13 20:17:01,810:Starting crawler: tribune_com_pk
[DEBUG] 2018-01-13 20:17:12,458:Output Recieved: 
[INFO] 2018-01-13 20:17:12,459:Crawler command finished
[INFO] 2018-01-13 20:22:01,208:Running job Every 5 minutes do job_scrapy_dawn() (last run: 2018-01-13 20:17:00, next run: 2018-01-13 20:22:00)
[INFO] 2018-01-13 20:22:01,209:Starting crawler
[DEBUG] 2018-01-13 20:22:36,172:Output Recieved: 
[INFO] 2018-01-13 20:22:36,173:Crawler command finished
[INFO] 2018-01-13 20:22:37,175:Running job Every 5 minutes do job_scrapy_tribune() (last run: 2018-01-13 20:17:12, next run: 2018-01-13 20:22:12)
[INFO] 2018-01-13 20:22:37,177:Starting crawler: tribune_com_pk
[DEBUG] 2018-01-13 20:22:46,117:Output Recieved: 
[INFO] 2018-01-13 20:22:46,118:Crawler command finished
[INFO] 2018-01-13 22:18:47,083:Running job Every 5 minutes do job_scrapy_dawn() (last run: 2018-01-13 20:22:36, next run: 2018-01-13 20:27:36)
[INFO] 2018-01-13 22:18:47,084:Starting crawler
[DEBUG] 2018-01-13 22:19:27,160:Output Recieved: 
[INFO] 2018-01-13 22:19:27,162:Crawler command finished
[INFO] 2018-01-13 22:19:27,163:Running job Every 5 minutes do job_scrapy_tribune() (last run: 2018-01-13 20:22:46, next run: 2018-01-13 20:27:46)
[INFO] 2018-01-13 22:19:27,164:Starting crawler: tribune_com_pk
[DEBUG] 2018-01-13 22:19:33,498:Output Recieved: 
[INFO] 2018-01-13 22:19:33,499:Crawler command finished
