2018-01-12 11:41:14 [scrapy.utils.log] INFO: Scrapy 1.4.0 started (bot: dawn_com)
2018-01-12 11:41:14 [scrapy.utils.log] INFO: Overridden settings: {'SPIDER_MODULES': ['dawn_com.spiders'], 'DOWNLOAD_DELAY': 3, 'LOG_FILE': 'scrapyLog.log', 'TELNETCONSOLE_ENABLED': False, 'NEWSPIDER_MODULE': 'dawn_com.spiders', 'CONCURRENT_REQUESTS': 3, 'ROBOTSTXT_OBEY': True, 'LOG_LEVEL': 'INFO', 'BOT_NAME': 'dawn_com'}
2018-01-12 11:41:14 [scrapy.middleware] INFO: Enabled extensions:
['scrapy.extensions.corestats.CoreStats',
 'scrapy.extensions.logstats.LogStats',
 'scrapy.extensions.memusage.MemoryUsage']
2018-01-12 11:41:14 [scrapy.middleware] INFO: Enabled downloader middlewares:
['scrapy.downloadermiddlewares.robotstxt.RobotsTxtMiddleware',
 'scrapy.downloadermiddlewares.httpauth.HttpAuthMiddleware',
 'scrapy.downloadermiddlewares.downloadtimeout.DownloadTimeoutMiddleware',
 'scrapy.downloadermiddlewares.defaultheaders.DefaultHeadersMiddleware',
 'scrapy.downloadermiddlewares.retry.RetryMiddleware',
 'scrapy.downloadermiddlewares.redirect.MetaRefreshMiddleware',
 'scrapy.downloadermiddlewares.httpcompression.HttpCompressionMiddleware',
 'scrapy.downloadermiddlewares.redirect.RedirectMiddleware',
 'scrapy.downloadermiddlewares.cookies.CookiesMiddleware',
 'scrapy.downloadermiddlewares.httpproxy.HttpProxyMiddleware',
 'scrapy.downloadermiddlewares.stats.DownloaderStats']
2018-01-12 11:41:14 [scrapy.middleware] INFO: Enabled spider middlewares:
['scrapy.spidermiddlewares.httperror.HttpErrorMiddleware',
 'scrapy.spidermiddlewares.offsite.OffsiteMiddleware',
 'scrapy.spidermiddlewares.referer.RefererMiddleware',
 'scrapy.spidermiddlewares.urllength.UrlLengthMiddleware',
 'scrapy.spidermiddlewares.depth.DepthMiddleware']
2018-01-12 11:41:14 [stomp.py] INFO: Attempting connection to host 192.168.131.144, port 61613
2018-01-12 11:41:14 [stomp.py] INFO: Established connection to host 192.168.131.144, port 61613
2018-01-12 11:41:14 [stomp.py] INFO: Starting receiver loop
2018-01-12 11:41:14 [scrapy.middleware] INFO: Enabled item pipelines:
['dawn_com.pipelines.DawnComPipeline']
2018-01-12 11:41:14 [scrapy.core.engine] INFO: Spider opened
2018-01-12 11:41:14 [stomp.py] INFO: Attempting connection to host 192.168.131.144, port 61613
2018-01-12 11:41:14 [stomp.py] INFO: Established connection to host 192.168.131.144, port 61613
2018-01-12 11:41:14 [stomp.py] INFO: Starting receiver loop
2018-01-12 11:41:14 [scrapy.extensions.logstats] INFO: Crawled 0 pages (at 0 pages/min), scraped 0 items (at 0 items/min)
2018-01-12 11:41:19 [root] INFO: *** following link:https://www.dawn.com/news/1382436/justice-for-zainab-protesters-in-kasur-turn-on-pml-n-lawmakers
2018-01-12 11:41:19 [root] INFO: *** following link:https://www.dawn.com/news/1382449/sc-suspends-pakistan-medical-and-dental-council-forms-interim-committee-to-take-charge
2018-01-12 11:41:19 [root] INFO: *** following link:https://www.dawn.com/news/1382451/jahangir-tareen-files-review-petition-against-sc-disqualification-verdict
2018-01-12 11:41:20 [root] INFO: *** following link:https://www.dawn.com/news/1382348/china-issues-sweeping-guidelines-to-push-yuan-for-belt-and-road-business
2018-01-12 11:41:20 [root] INFO: *** following link:https://www.dawn.com/news/1382450/punjab-govt-replaces-head-of-jit-probing-rape-murder-of-6-year-old-zainab
2018-01-12 11:41:20 [root] INFO: *** following link:https://www.dawn.com/news/1382452/gatekeeper-at-school-in-karachi-taken-into-custody-after-child-alleges-sexual-assault
2018-01-12 11:41:20 [root] INFO: *** following link:https://www.dawn.com/news/1382340/saudi-arabia-taking-control-of-binladin-group
2018-01-12 11:41:20 [root] INFO: *** following link:https://www.dawn.com/news/1382448/trump-uses-slur-to-describe-immigrants-from-haiti-africa
2018-01-12 11:41:27 [root] INFO: Sending message
2018-01-12 11:41:31 [root] INFO: Sending message
2018-01-12 11:41:36 [root] INFO: Sending message
2018-01-12 11:41:39 [root] INFO: Sending message
2018-01-12 11:41:44 [root] INFO: Sending message
2018-01-12 11:41:47 [root] INFO: Sending message
2018-01-12 11:41:49 [root] INFO: Sending message
2018-01-12 11:41:53 [root] INFO: Sending message
2018-01-12 11:41:53 [scrapy.core.engine] INFO: Closing spider (finished)
2018-01-12 11:41:53 [root] INFO: Closing AMQ connection and disconnecting as well
2018-01-12 11:41:53 [scrapy.statscollectors] INFO: Dumping Scrapy stats:
{'downloader/request_bytes': 3413,
 'downloader/request_count': 11,
 'downloader/request_method_count/GET': 11,
 'downloader/response_bytes': 206282,
 'downloader/response_count': 11,
 'downloader/response_status_count/200': 10,
 'downloader/response_status_count/302': 1,
 'finish_reason': 'finished',
 'finish_time': datetime.datetime(2018, 1, 12, 7, 41, 53, 209479),
 'item_scraped_count': 8,
 'log_count/INFO': 30,
 'memusage/max': 53506048,
 'memusage/startup': 53506048,
 'request_depth_max': 1,
 'response_received_count': 10,
 'scheduler/dequeued': 10,
 'scheduler/dequeued/memory': 10,
 'scheduler/enqueued': 10,
 'scheduler/enqueued/memory': 10,
 'start_time': datetime.datetime(2018, 1, 12, 7, 41, 14, 546046)}
2018-01-12 11:41:53 [stomp.py] INFO: Receiver loop ended
2018-01-12 11:41:53 [scrapy.core.engine] INFO: Spider closed (finished)
2018-01-12 11:42:22 [scrapy.utils.log] INFO: Scrapy 1.4.0 started (bot: dawn_com)
2018-01-12 11:42:22 [scrapy.utils.log] INFO: Overridden settings: {'TELNETCONSOLE_ENABLED': False, 'LOG_LEVEL': 'INFO', 'SPIDER_MODULES': ['dawn_com.spiders'], 'CONCURRENT_REQUESTS': 3, 'NEWSPIDER_MODULE': 'dawn_com.spiders', 'BOT_NAME': 'dawn_com', 'LOG_FILE': 'scrapyLog.log', 'DOWNLOAD_DELAY': 3, 'ROBOTSTXT_OBEY': True}
2018-01-12 11:42:22 [scrapy.middleware] INFO: Enabled extensions:
['scrapy.extensions.logstats.LogStats',
 'scrapy.extensions.memusage.MemoryUsage',
 'scrapy.extensions.corestats.CoreStats']
2018-01-12 11:42:22 [scrapy.middleware] INFO: Enabled downloader middlewares:
['scrapy.downloadermiddlewares.robotstxt.RobotsTxtMiddleware',
 'scrapy.downloadermiddlewares.httpauth.HttpAuthMiddleware',
 'scrapy.downloadermiddlewares.downloadtimeout.DownloadTimeoutMiddleware',
 'scrapy.downloadermiddlewares.defaultheaders.DefaultHeadersMiddleware',
 'scrapy.downloadermiddlewares.retry.RetryMiddleware',
 'scrapy.downloadermiddlewares.redirect.MetaRefreshMiddleware',
 'scrapy.downloadermiddlewares.httpcompression.HttpCompressionMiddleware',
 'scrapy.downloadermiddlewares.redirect.RedirectMiddleware',
 'scrapy.downloadermiddlewares.cookies.CookiesMiddleware',
 'scrapy.downloadermiddlewares.httpproxy.HttpProxyMiddleware',
 'scrapy.downloadermiddlewares.stats.DownloaderStats']
2018-01-12 11:42:22 [scrapy.middleware] INFO: Enabled spider middlewares:
['scrapy.spidermiddlewares.httperror.HttpErrorMiddleware',
 'scrapy.spidermiddlewares.offsite.OffsiteMiddleware',
 'scrapy.spidermiddlewares.referer.RefererMiddleware',
 'scrapy.spidermiddlewares.urllength.UrlLengthMiddleware',
 'scrapy.spidermiddlewares.depth.DepthMiddleware']
2018-01-12 11:42:22 [stomp.py] INFO: Attempting connection to host 192.168.131.144, port 61613
2018-01-12 11:42:22 [stomp.py] INFO: Established connection to host 192.168.131.144, port 61613
2018-01-12 11:42:22 [stomp.py] INFO: Starting receiver loop
2018-01-12 11:42:22 [scrapy.middleware] INFO: Enabled item pipelines:
['dawn_com.pipelines.DawnComPipeline']
2018-01-12 11:42:22 [scrapy.core.engine] INFO: Spider opened
2018-01-12 11:42:22 [stomp.py] INFO: Attempting connection to host 192.168.131.144, port 61613
2018-01-12 11:42:22 [stomp.py] INFO: Established connection to host 192.168.131.144, port 61613
2018-01-12 11:42:22 [stomp.py] INFO: Starting receiver loop
2018-01-12 11:42:22 [scrapy.extensions.logstats] INFO: Crawled 0 pages (at 0 pages/min), scraped 0 items (at 0 items/min)
2018-01-12 11:42:27 [root] INFO: *** following link:https://www.dawn.com/news/1382436/justice-for-zainab-protesters-in-kasur-turn-on-pml-n-lawmakers
2018-01-12 11:42:27 [root] INFO: *** following link:https://www.dawn.com/news/1382449/sc-suspends-pakistan-medical-and-dental-council-forms-interim-committee-to-take-charge
2018-01-12 11:42:27 [root] INFO: *** following link:https://www.dawn.com/news/1382451/jahangir-tareen-files-review-petition-against-sc-disqualification-verdict
2018-01-12 11:42:27 [root] INFO: *** following link:https://www.dawn.com/news/1382348/china-issues-sweeping-guidelines-to-push-yuan-for-belt-and-road-business
2018-01-12 11:42:27 [root] INFO: *** following link:https://www.dawn.com/news/1382450/punjab-govt-replaces-head-of-jit-probing-rape-murder-of-6-year-old-zainab
2018-01-12 11:42:27 [root] INFO: *** following link:https://www.dawn.com/news/1382452/gatekeeper-at-school-in-karachi-taken-into-custody-after-child-alleges-sexual-assault
2018-01-12 11:42:27 [root] INFO: *** following link:https://www.dawn.com/news/1382340/saudi-arabia-taking-control-of-binladin-group
2018-01-12 11:42:27 [root] INFO: *** following link:https://www.dawn.com/news/1382448/trump-uses-slur-to-describe-immigrants-from-haiti-africa
2018-01-12 11:42:34 [root] INFO: Sending message
2018-01-12 11:42:38 [root] INFO: Sending message
2018-01-12 11:42:42 [root] INFO: Sending message
2018-01-12 11:42:47 [root] INFO: Sending message
2018-01-12 11:42:50 [root] INFO: Sending message
2018-01-12 11:42:53 [root] INFO: Sending message
2018-01-12 11:42:57 [scrapy.spidermiddlewares.httperror] INFO: Ignoring response <403 https://www.dawn.com/news/1382450/punjab-govt-replaces-head-of-jit-probing-rape-murder-of-6-year-old-zainab>: HTTP status code is not handled or not allowed
2018-01-12 11:43:01 [root] INFO: Sending message
2018-01-12 11:43:01 [scrapy.core.engine] INFO: Closing spider (finished)
2018-01-12 11:43:01 [root] INFO: Closing AMQ connection and disconnecting as well
2018-01-12 11:43:01 [scrapy.statscollectors] INFO: Dumping Scrapy stats:
{'downloader/request_bytes': 3413,
 'downloader/request_count': 11,
 'downloader/request_method_count/GET': 11,
 'downloader/response_bytes': 184840,
 'downloader/response_count': 11,
 'downloader/response_status_count/200': 9,
 'downloader/response_status_count/302': 1,
 'downloader/response_status_count/403': 1,
 'finish_reason': 'finished',
 'finish_time': datetime.datetime(2018, 1, 12, 7, 43, 1, 537342),
 'httperror/response_ignored_count': 1,
 'httperror/response_ignored_status_count/403': 1,
 'item_scraped_count': 7,
 'log_count/INFO': 30,
 'memusage/max': 53334016,
 'memusage/startup': 53334016,
 'request_depth_max': 1,
 'response_received_count': 10,
 'scheduler/dequeued': 10,
 'scheduler/dequeued/memory': 10,
 'scheduler/enqueued': 10,
 'scheduler/enqueued/memory': 10,
 'start_time': datetime.datetime(2018, 1, 12, 7, 42, 22, 263066)}
2018-01-12 11:43:01 [stomp.py] INFO: Receiver loop ended
2018-01-12 11:43:01 [scrapy.core.engine] INFO: Spider closed (finished)
2018-01-12 15:08:40 [scrapy.utils.log] INFO: Scrapy 1.4.0 started (bot: dawn_com)
2018-01-12 15:08:40 [scrapy.utils.log] INFO: Overridden settings: {'LOG_LEVEL': 'INFO', 'ROBOTSTXT_OBEY': True, 'CONCURRENT_REQUESTS': 3, 'BOT_NAME': 'dawn_com', 'DOWNLOAD_DELAY': 3, 'SPIDER_MODULES': ['dawn_com.spiders'], 'LOG_FILE': 'scrapyLog.log', 'TELNETCONSOLE_ENABLED': False, 'NEWSPIDER_MODULE': 'dawn_com.spiders'}
2018-01-12 15:08:40 [scrapy.middleware] INFO: Enabled extensions:
['scrapy.extensions.memusage.MemoryUsage',
 'scrapy.extensions.logstats.LogStats',
 'scrapy.extensions.corestats.CoreStats']
2018-01-12 15:08:40 [scrapy.middleware] INFO: Enabled downloader middlewares:
['scrapy.downloadermiddlewares.robotstxt.RobotsTxtMiddleware',
 'scrapy.downloadermiddlewares.httpauth.HttpAuthMiddleware',
 'scrapy.downloadermiddlewares.downloadtimeout.DownloadTimeoutMiddleware',
 'scrapy.downloadermiddlewares.defaultheaders.DefaultHeadersMiddleware',
 'scrapy.downloadermiddlewares.retry.RetryMiddleware',
 'scrapy.downloadermiddlewares.redirect.MetaRefreshMiddleware',
 'scrapy.downloadermiddlewares.httpcompression.HttpCompressionMiddleware',
 'scrapy.downloadermiddlewares.redirect.RedirectMiddleware',
 'scrapy.downloadermiddlewares.cookies.CookiesMiddleware',
 'scrapy.downloadermiddlewares.httpproxy.HttpProxyMiddleware',
 'scrapy.downloadermiddlewares.stats.DownloaderStats']
2018-01-12 15:08:40 [scrapy.middleware] INFO: Enabled spider middlewares:
['scrapy.spidermiddlewares.httperror.HttpErrorMiddleware',
 'scrapy.spidermiddlewares.offsite.OffsiteMiddleware',
 'scrapy.spidermiddlewares.referer.RefererMiddleware',
 'scrapy.spidermiddlewares.urllength.UrlLengthMiddleware',
 'scrapy.spidermiddlewares.depth.DepthMiddleware']
2018-01-12 15:08:40 [stomp.py] INFO: Attempting connection to host 192.168.131.144, port 61613
2018-01-12 15:08:40 [stomp.py] INFO: Established connection to host 192.168.131.144, port 61613
2018-01-12 15:08:40 [stomp.py] INFO: Starting receiver loop
2018-01-12 15:08:40 [scrapy.middleware] INFO: Enabled item pipelines:
['dawn_com.pipelines.DawnComPipeline']
2018-01-12 15:08:40 [scrapy.core.engine] INFO: Spider opened
2018-01-12 15:08:40 [stomp.py] INFO: Attempting connection to host 192.168.131.144, port 61613
2018-01-12 15:08:40 [stomp.py] INFO: Established connection to host 192.168.131.144, port 61613
2018-01-12 15:08:40 [stomp.py] INFO: Starting receiver loop
2018-01-12 15:08:40 [scrapy.extensions.logstats] INFO: Crawled 0 pages (at 0 pages/min), scraped 0 items (at 0 items/min)
2018-01-12 15:08:45 [root] INFO: *** following link:https://www.dawn.com/news/1382457/lhc-orders-police-to-arrest-culprit-behind-zainabs-rape-and-murder-within-36-hours
2018-01-12 15:08:45 [root] INFO: *** following link:https://www.dawn.com/news/1382452/gatekeeper-at-karachi-school-taken-into-custody-after-child-alleges-sexual-assault
2018-01-12 15:08:45 [root] INFO: *** following link:https://www.dawn.com/news/1382455/rawalpindi-serial-knife-attacker-given-life-in-prison-after-stabbing-17-women-killing-1
2018-01-12 15:08:45 [root] INFO: *** following link:https://www.dawn.com/news/1382464/new-statement-recorded-evidence-presented-in-tayyaba-torture-case
2018-01-12 15:08:45 [root] INFO: *** following link:https://www.dawn.com/news/1382348/china-issues-sweeping-guidelines-to-push-yuan-for-belt-and-road-business
2018-01-12 15:08:45 [root] INFO: *** following link:https://www.dawn.com/news/1382449/sc-disbands-pakistan-medical-and-dental-council
2018-01-12 15:08:45 [root] INFO: *** following link:https://www.dawn.com/news/1382458/india-launches-rocket-carrying-dozens-of-satellites
2018-01-12 15:08:45 [root] INFO: *** following link:https://www.dawn.com/news/1382450/punjab-govt-replaces-head-of-jit-probing-rape-murder-of-6-year-old-zainab
2018-01-12 15:08:49 [root] INFO: Sending message
2018-01-12 15:08:52 [root] INFO: Sending message
2018-01-12 15:08:57 [root] INFO: Sending message
